jun 06, 2018 7:00:35 PM com.hs.webservices.WSUsuarios hello
INFORMACIÓN: Primera prueba
jun 06, 2018 7:00:35 PM com.hs.webservices.WSUsuarios hello
INFORMACIÓN: ¿Todo bien?
jun 06, 2018 7:29:29 PM com.hs.webservices.WSUsuarios hello
INFORMACIÓN: Primera prueba
jun 06, 2018 7:29:29 PM com.hs.webservices.WSUsuarios hello
INFORMACIÓN: ¿Todo bien?
jun 07, 2018 9:27:34 AM com.hs.webservices.WSUsuarios hello
INFORMACIÓN: Primera prueba
jun 07, 2018 9:27:34 AM com.hs.webservices.WSUsuarios hello
INFORMACIÓN: ¿Todo bien?
jun 07, 2018 4:07:07 PM com.hs.webservices.WSUsuarios hello
INFORMACIÓN: Primera prueba
jun 07, 2018 4:07:07 PM com.hs.webservices.WSUsuarios hello
INFORMACIÓN: ¿Todo bien?
jun 07, 2018 4:39:35 PM com.hs.webservices.WSLogger <init>
INFORMACIÓN: Primera prueba
jun 07, 2018 4:39:35 PM com.hs.webservices.WSLogger <init>
INFORMACIÓN: ¿Todo bien?
jun 07, 2018 4:47:11 PM com.hs.webservices.WSLogger <init>
INFORMACIÓN: Primera prueba
jun 07, 2018 4:47:11 PM com.hs.webservices.WSLogger <init>
INFORMACIÓN: ¿Todo bien?
jun 07, 2018 4:47:11 PM com.hs.webservices.WSLogger WriteLog
GRAVE: insertarUsuario
Unexpected character (l) at position 0.
	at org.json.simple.parser.Yylex.yylex(Yylex.java:610)
	at org.json.simple.parser.JSONParser.nextToken(JSONParser.java:269)
	at org.json.simple.parser.JSONParser.parse(JSONParser.java:118)
	at org.json.simple.parser.JSONParser.parse(JSONParser.java:81)
	at org.json.simple.parser.JSONParser.parse(JSONParser.java:75)
	at com.hs.webservices.WSUsuarios.insertarUsuario(WSUsuarios.java:81)
	at sun.reflect.NativeMethodAccessorImpl.invoke0(Native Method)
	at sun.reflect.NativeMethodAccessorImpl.invoke(NativeMethodAccessorImpl.java:62)
	at sun.reflect.DelegatingMethodAccessorImpl.invoke(DelegatingMethodAccessorImpl.java:43)
	at java.lang.reflect.Method.invoke(Method.java:498)
	at org.glassfish.webservices.InstanceResolverImpl$1.invoke(InstanceResolverImpl.java:144)
	at com.sun.xml.ws.server.InvokerTube$2.invoke(InvokerTube.java:149)
	at com.sun.xml.ws.server.sei.SEIInvokerTube.processRequest(SEIInvokerTube.java:88)
	at com.sun.xml.ws.api.pipe.Fiber.__doRun(Fiber.java:1136)
	at com.sun.xml.ws.api.pipe.Fiber._doRun(Fiber.java:1050)
	at com.sun.xml.ws.api.pipe.Fiber.doRun(Fiber.java:1019)
	at com.sun.xml.ws.api.pipe.Fiber.runSync(Fiber.java:877)
	at com.sun.xml.ws.api.pipe.helper.AbstractTubeImpl.process(AbstractTubeImpl.java:136)
	at org.glassfish.webservices.MonitoringPipe.process(MonitoringPipe.java:142)
	at com.sun.xml.ws.api.pipe.helper.PipeAdapter.processRequest(PipeAdapter.java:119)
	at com.sun.xml.ws.api.pipe.Fiber.__doRun(Fiber.java:1136)
	at com.sun.xml.ws.api.pipe.Fiber._doRun(Fiber.java:1050)
	at com.sun.xml.ws.api.pipe.Fiber.doRun(Fiber.java:1019)
	at com.sun.xml.ws.api.pipe.Fiber.runSync(Fiber.java:877)
	at com.sun.xml.ws.api.pipe.helper.AbstractTubeImpl.process(AbstractTubeImpl.java:136)
	at com.sun.enterprise.security.webservices.CommonServerSecurityPipe.processRequest(CommonServerSecurityPipe.java:209)
	at com.sun.enterprise.security.webservices.CommonServerSecurityPipe.process(CommonServerSecurityPipe.java:141)
	at com.sun.xml.ws.api.pipe.helper.PipeAdapter.processRequest(PipeAdapter.java:119)
	at com.sun.xml.ws.api.pipe.Fiber.__doRun(Fiber.java:1136)
	at com.sun.xml.ws.api.pipe.Fiber._doRun(Fiber.java:1050)
	at com.sun.xml.ws.api.pipe.Fiber.doRun(Fiber.java:1019)
	at com.sun.xml.ws.api.pipe.Fiber.runSync(Fiber.java:877)
	at com.sun.xml.ws.server.WSEndpointImpl$2.process(WSEndpointImpl.java:419)
	at com.sun.xml.ws.transport.http.HttpAdapter$HttpToolkit.handle(HttpAdapter.java:868)
	at com.sun.xml.ws.transport.http.HttpAdapter.handle(HttpAdapter.java:422)
	at com.sun.xml.ws.transport.http.servlet.ServletAdapter.handle(ServletAdapter.java:169)
	at org.glassfish.webservices.JAXWSServlet.doPost(JAXWSServlet.java:169)
	at javax.servlet.http.HttpServlet.service(HttpServlet.java:707)
	at javax.servlet.http.HttpServlet.service(HttpServlet.java:790)
	at org.apache.catalina.core.StandardWrapper.service(StandardWrapper.java:1682)
	at org.apache.catalina.core.StandardWrapperValve.invoke(StandardWrapperValve.java:318)
	at org.apache.catalina.core.StandardContextValve.invoke(StandardContextValve.java:160)
	at org.apache.catalina.core.StandardPipeline.doInvoke(StandardPipeline.java:734)
	at org.apache.catalina.core.StandardPipeline.invoke(StandardPipeline.java:673)
	at com.sun.enterprise.web.WebPipeline.invoke(WebPipeline.java:99)
	at org.apache.catalina.core.StandardHostValve.invoke(StandardHostValve.java:174)
	at org.apache.catalina.connector.CoyoteAdapter.doService(CoyoteAdapter.java:416)
	at org.apache.catalina.connector.CoyoteAdapter.service(CoyoteAdapter.java:283)
	at com.sun.enterprise.v3.services.impl.ContainerMapper$HttpHandlerCallable.call(ContainerMapper.java:459)
	at com.sun.enterprise.v3.services.impl.ContainerMapper.service(ContainerMapper.java:167)
	at org.glassfish.grizzly.http.server.HttpHandler.runService(HttpHandler.java:206)
	at org.glassfish.grizzly.http.server.HttpHandler.doHandle(HttpHandler.java:180)
	at org.glassfish.grizzly.http.server.HttpServerFilter.handleRead(HttpServerFilter.java:235)
	at org.glassfish.grizzly.filterchain.ExecutorResolver$9.execute(ExecutorResolver.java:119)
	at org.glassfish.grizzly.filterchain.DefaultFilterChain.executeFilter(DefaultFilterChain.java:283)
	at org.glassfish.grizzly.filterchain.DefaultFilterChain.executeChainPart(DefaultFilterChain.java:200)
	at org.glassfish.grizzly.filterchain.DefaultFilterChain.execute(DefaultFilterChain.java:132)
	at org.glassfish.grizzly.filterchain.DefaultFilterChain.process(DefaultFilterChain.java:111)
	at org.glassfish.grizzly.ProcessorExecutor.execute(ProcessorExecutor.java:77)
	at org.glassfish.grizzly.nio.transport.TCPNIOTransport.fireIOEvent(TCPNIOTransport.java:536)
	at org.glassfish.grizzly.strategies.AbstractIOStrategy.fireIOEvent(AbstractIOStrategy.java:112)
	at org.glassfish.grizzly.strategies.WorkerThreadIOStrategy.run0(WorkerThreadIOStrategy.java:117)
	at org.glassfish.grizzly.strategies.WorkerThreadIOStrategy.access$100(WorkerThreadIOStrategy.java:56)
	at org.glassfish.grizzly.strategies.WorkerThreadIOStrategy$WorkerThreadRunnable.run(WorkerThreadIOStrategy.java:137)
	at org.glassfish.grizzly.threadpool.AbstractThreadPool$Worker.doWork(AbstractThreadPool.java:591)
	at org.glassfish.grizzly.threadpool.AbstractThreadPool$Worker.run(AbstractThreadPool.java:571)
	at java.lang.Thread.run(Thread.java:745)

jun 07, 2018 4:49:59 PM com.hs.webservices.WSLogger <init>
INFORMACIÓN: Primera prueba
jun 07, 2018 4:49:59 PM com.hs.webservices.WSLogger <init>
INFORMACIÓN: ¿Todo bien?
jun 07, 2018 4:50:00 PM com.hs.webservices.WSLogger WriteLog
GRAVE: log + error ---insertarUsuario
Unexpected character (l) at position 0.
	at org.json.simple.parser.Yylex.yylex(Yylex.java:610)
	at org.json.simple.parser.JSONParser.nextToken(JSONParser.java:269)
	at org.json.simple.parser.JSONParser.parse(JSONParser.java:118)
	at org.json.simple.parser.JSONParser.parse(JSONParser.java:81)
	at org.json.simple.parser.JSONParser.parse(JSONParser.java:75)
	at com.hs.webservices.WSUsuarios.insertarUsuario(WSUsuarios.java:81)
	at sun.reflect.NativeMethodAccessorImpl.invoke0(Native Method)
	at sun.reflect.NativeMethodAccessorImpl.invoke(NativeMethodAccessorImpl.java:62)
	at sun.reflect.DelegatingMethodAccessorImpl.invoke(DelegatingMethodAccessorImpl.java:43)
	at java.lang.reflect.Method.invoke(Method.java:498)
	at org.glassfish.webservices.InstanceResolverImpl$1.invoke(InstanceResolverImpl.java:144)
	at com.sun.xml.ws.server.InvokerTube$2.invoke(InvokerTube.java:149)
	at com.sun.xml.ws.server.sei.SEIInvokerTube.processRequest(SEIInvokerTube.java:88)
	at com.sun.xml.ws.api.pipe.Fiber.__doRun(Fiber.java:1136)
	at com.sun.xml.ws.api.pipe.Fiber._doRun(Fiber.java:1050)
	at com.sun.xml.ws.api.pipe.Fiber.doRun(Fiber.java:1019)
	at com.sun.xml.ws.api.pipe.Fiber.runSync(Fiber.java:877)
	at com.sun.xml.ws.api.pipe.helper.AbstractTubeImpl.process(AbstractTubeImpl.java:136)
	at org.glassfish.webservices.MonitoringPipe.process(MonitoringPipe.java:142)
	at com.sun.xml.ws.api.pipe.helper.PipeAdapter.processRequest(PipeAdapter.java:119)
	at com.sun.xml.ws.api.pipe.Fiber.__doRun(Fiber.java:1136)
	at com.sun.xml.ws.api.pipe.Fiber._doRun(Fiber.java:1050)
	at com.sun.xml.ws.api.pipe.Fiber.doRun(Fiber.java:1019)
	at com.sun.xml.ws.api.pipe.Fiber.runSync(Fiber.java:877)
	at com.sun.xml.ws.api.pipe.helper.AbstractTubeImpl.process(AbstractTubeImpl.java:136)
	at com.sun.enterprise.security.webservices.CommonServerSecurityPipe.processRequest(CommonServerSecurityPipe.java:209)
	at com.sun.enterprise.security.webservices.CommonServerSecurityPipe.process(CommonServerSecurityPipe.java:141)
	at com.sun.xml.ws.api.pipe.helper.PipeAdapter.processRequest(PipeAdapter.java:119)
	at com.sun.xml.ws.api.pipe.Fiber.__doRun(Fiber.java:1136)
	at com.sun.xml.ws.api.pipe.Fiber._doRun(Fiber.java:1050)
	at com.sun.xml.ws.api.pipe.Fiber.doRun(Fiber.java:1019)
	at com.sun.xml.ws.api.pipe.Fiber.runSync(Fiber.java:877)
	at com.sun.xml.ws.server.WSEndpointImpl$2.process(WSEndpointImpl.java:419)
	at com.sun.xml.ws.transport.http.HttpAdapter$HttpToolkit.handle(HttpAdapter.java:868)
	at com.sun.xml.ws.transport.http.HttpAdapter.handle(HttpAdapter.java:422)
	at com.sun.xml.ws.transport.http.servlet.ServletAdapter.handle(ServletAdapter.java:169)
	at org.glassfish.webservices.JAXWSServlet.doPost(JAXWSServlet.java:169)
	at javax.servlet.http.HttpServlet.service(HttpServlet.java:707)
	at javax.servlet.http.HttpServlet.service(HttpServlet.java:790)
	at org.apache.catalina.core.StandardWrapper.service(StandardWrapper.java:1682)
	at org.apache.catalina.core.StandardWrapperValve.invoke(StandardWrapperValve.java:318)
	at org.apache.catalina.core.StandardContextValve.invoke(StandardContextValve.java:160)
	at org.apache.catalina.core.StandardPipeline.doInvoke(StandardPipeline.java:734)
	at org.apache.catalina.core.StandardPipeline.invoke(StandardPipeline.java:673)
	at com.sun.enterprise.web.WebPipeline.invoke(WebPipeline.java:99)
	at org.apache.catalina.core.StandardHostValve.invoke(StandardHostValve.java:174)
	at org.apache.catalina.connector.CoyoteAdapter.doService(CoyoteAdapter.java:416)
	at org.apache.catalina.connector.CoyoteAdapter.service(CoyoteAdapter.java:283)
	at com.sun.enterprise.v3.services.impl.ContainerMapper$HttpHandlerCallable.call(ContainerMapper.java:459)
	at com.sun.enterprise.v3.services.impl.ContainerMapper.service(ContainerMapper.java:167)
	at org.glassfish.grizzly.http.server.HttpHandler.runService(HttpHandler.java:206)
	at org.glassfish.grizzly.http.server.HttpHandler.doHandle(HttpHandler.java:180)
	at org.glassfish.grizzly.http.server.HttpServerFilter.handleRead(HttpServerFilter.java:235)
	at org.glassfish.grizzly.filterchain.ExecutorResolver$9.execute(ExecutorResolver.java:119)
	at org.glassfish.grizzly.filterchain.DefaultFilterChain.executeFilter(DefaultFilterChain.java:283)
	at org.glassfish.grizzly.filterchain.DefaultFilterChain.executeChainPart(DefaultFilterChain.java:200)
	at org.glassfish.grizzly.filterchain.DefaultFilterChain.execute(DefaultFilterChain.java:132)
	at org.glassfish.grizzly.filterchain.DefaultFilterChain.process(DefaultFilterChain.java:111)
	at org.glassfish.grizzly.ProcessorExecutor.execute(ProcessorExecutor.java:77)
	at org.glassfish.grizzly.nio.transport.TCPNIOTransport.fireIOEvent(TCPNIOTransport.java:536)
	at org.glassfish.grizzly.strategies.AbstractIOStrategy.fireIOEvent(AbstractIOStrategy.java:112)
	at org.glassfish.grizzly.strategies.WorkerThreadIOStrategy.run0(WorkerThreadIOStrategy.java:117)
	at org.glassfish.grizzly.strategies.WorkerThreadIOStrategy.access$100(WorkerThreadIOStrategy.java:56)
	at org.glassfish.grizzly.strategies.WorkerThreadIOStrategy$WorkerThreadRunnable.run(WorkerThreadIOStrategy.java:137)
	at org.glassfish.grizzly.threadpool.AbstractThreadPool$Worker.doWork(AbstractThreadPool.java:591)
	at org.glassfish.grizzly.threadpool.AbstractThreadPool$Worker.run(AbstractThreadPool.java:571)
	at java.lang.Thread.run(Thread.java:745)

jun 07, 2018 4:50:00 PM com.hs.webservices.WSLogger WriteLog
GRAVE: log ---insertarUsuario
jun 07, 2018 4:50:33 PM com.hs.webservices.WSLogger WriteLog
GRAVE: log + error ---insertarUsuario
Unexpected character (l) at position 0.
	at org.json.simple.parser.Yylex.yylex(Yylex.java:610)
	at org.json.simple.parser.JSONParser.nextToken(JSONParser.java:269)
	at org.json.simple.parser.JSONParser.parse(JSONParser.java:118)
	at org.json.simple.parser.JSONParser.parse(JSONParser.java:81)
	at org.json.simple.parser.JSONParser.parse(JSONParser.java:75)
	at com.hs.webservices.WSUsuarios.insertarUsuario(WSUsuarios.java:81)
	at sun.reflect.NativeMethodAccessorImpl.invoke0(Native Method)
	at sun.reflect.NativeMethodAccessorImpl.invoke(NativeMethodAccessorImpl.java:62)
	at sun.reflect.DelegatingMethodAccessorImpl.invoke(DelegatingMethodAccessorImpl.java:43)
	at java.lang.reflect.Method.invoke(Method.java:498)
	at org.glassfish.webservices.InstanceResolverImpl$1.invoke(InstanceResolverImpl.java:144)
	at com.sun.xml.ws.server.InvokerTube$2.invoke(InvokerTube.java:149)
	at com.sun.xml.ws.server.sei.SEIInvokerTube.processRequest(SEIInvokerTube.java:88)
	at com.sun.xml.ws.api.pipe.Fiber.__doRun(Fiber.java:1136)
	at com.sun.xml.ws.api.pipe.Fiber._doRun(Fiber.java:1050)
	at com.sun.xml.ws.api.pipe.Fiber.doRun(Fiber.java:1019)
	at com.sun.xml.ws.api.pipe.Fiber.runSync(Fiber.java:877)
	at com.sun.xml.ws.api.pipe.helper.AbstractTubeImpl.process(AbstractTubeImpl.java:136)
	at org.glassfish.webservices.MonitoringPipe.process(MonitoringPipe.java:142)
	at com.sun.xml.ws.api.pipe.helper.PipeAdapter.processRequest(PipeAdapter.java:119)
	at com.sun.xml.ws.api.pipe.Fiber.__doRun(Fiber.java:1136)
	at com.sun.xml.ws.api.pipe.Fiber._doRun(Fiber.java:1050)
	at com.sun.xml.ws.api.pipe.Fiber.doRun(Fiber.java:1019)
	at com.sun.xml.ws.api.pipe.Fiber.runSync(Fiber.java:877)
	at com.sun.xml.ws.api.pipe.helper.AbstractTubeImpl.process(AbstractTubeImpl.java:136)
	at com.sun.enterprise.security.webservices.CommonServerSecurityPipe.processRequest(CommonServerSecurityPipe.java:209)
	at com.sun.enterprise.security.webservices.CommonServerSecurityPipe.process(CommonServerSecurityPipe.java:141)
	at com.sun.xml.ws.api.pipe.helper.PipeAdapter.processRequest(PipeAdapter.java:119)
	at com.sun.xml.ws.api.pipe.Fiber.__doRun(Fiber.java:1136)
	at com.sun.xml.ws.api.pipe.Fiber._doRun(Fiber.java:1050)
	at com.sun.xml.ws.api.pipe.Fiber.doRun(Fiber.java:1019)
	at com.sun.xml.ws.api.pipe.Fiber.runSync(Fiber.java:877)
	at com.sun.xml.ws.server.WSEndpointImpl$2.process(WSEndpointImpl.java:419)
	at com.sun.xml.ws.transport.http.HttpAdapter$HttpToolkit.handle(HttpAdapter.java:868)
	at com.sun.xml.ws.transport.http.HttpAdapter.handle(HttpAdapter.java:422)
	at com.sun.xml.ws.transport.http.servlet.ServletAdapter.handle(ServletAdapter.java:169)
	at org.glassfish.webservices.JAXWSServlet.doPost(JAXWSServlet.java:169)
	at javax.servlet.http.HttpServlet.service(HttpServlet.java:707)
	at javax.servlet.http.HttpServlet.service(HttpServlet.java:790)
	at org.apache.catalina.core.StandardWrapper.service(StandardWrapper.java:1682)
	at org.apache.catalina.core.StandardWrapperValve.invoke(StandardWrapperValve.java:318)
	at org.apache.catalina.core.StandardContextValve.invoke(StandardContextValve.java:160)
	at org.apache.catalina.core.StandardPipeline.doInvoke(StandardPipeline.java:734)
	at org.apache.catalina.core.StandardPipeline.invoke(StandardPipeline.java:673)
	at com.sun.enterprise.web.WebPipeline.invoke(WebPipeline.java:99)
	at org.apache.catalina.core.StandardHostValve.invoke(StandardHostValve.java:174)
	at org.apache.catalina.connector.CoyoteAdapter.doService(CoyoteAdapter.java:416)
	at org.apache.catalina.connector.CoyoteAdapter.service(CoyoteAdapter.java:283)
	at com.sun.enterprise.v3.services.impl.ContainerMapper$HttpHandlerCallable.call(ContainerMapper.java:459)
	at com.sun.enterprise.v3.services.impl.ContainerMapper.service(ContainerMapper.java:167)
	at org.glassfish.grizzly.http.server.HttpHandler.runService(HttpHandler.java:206)
	at org.glassfish.grizzly.http.server.HttpHandler.doHandle(HttpHandler.java:180)
	at org.glassfish.grizzly.http.server.HttpServerFilter.handleRead(HttpServerFilter.java:235)
	at org.glassfish.grizzly.filterchain.ExecutorResolver$9.execute(ExecutorResolver.java:119)
	at org.glassfish.grizzly.filterchain.DefaultFilterChain.executeFilter(DefaultFilterChain.java:283)
	at org.glassfish.grizzly.filterchain.DefaultFilterChain.executeChainPart(DefaultFilterChain.java:200)
	at org.glassfish.grizzly.filterchain.DefaultFilterChain.execute(DefaultFilterChain.java:132)
	at org.glassfish.grizzly.filterchain.DefaultFilterChain.process(DefaultFilterChain.java:111)
	at org.glassfish.grizzly.ProcessorExecutor.execute(ProcessorExecutor.java:77)
	at org.glassfish.grizzly.nio.transport.TCPNIOTransport.fireIOEvent(TCPNIOTransport.java:536)
	at org.glassfish.grizzly.strategies.AbstractIOStrategy.fireIOEvent(AbstractIOStrategy.java:112)
	at org.glassfish.grizzly.strategies.WorkerThreadIOStrategy.run0(WorkerThreadIOStrategy.java:117)
	at org.glassfish.grizzly.strategies.WorkerThreadIOStrategy.access$100(WorkerThreadIOStrategy.java:56)
	at org.glassfish.grizzly.strategies.WorkerThreadIOStrategy$WorkerThreadRunnable.run(WorkerThreadIOStrategy.java:137)
	at org.glassfish.grizzly.threadpool.AbstractThreadPool$Worker.doWork(AbstractThreadPool.java:591)
	at org.glassfish.grizzly.threadpool.AbstractThreadPool$Worker.run(AbstractThreadPool.java:571)
	at java.lang.Thread.run(Thread.java:745)

jun 07, 2018 4:50:33 PM com.hs.webservices.WSLogger WriteLog
GRAVE: log ---insertarUsuario
